Compilación iniciada a las 23/10/2016 3:51:36.
     1>Proyecto "C:\Users\pumu\Repository\jennycorp\jennysec\jennylab\tools\gurru\vc\gurru\gurru.vcxproj" en el nodo 2 (Build destinos).
     1>ClCompile:
         C:\Program Files\Microsoft Visual Studio 12.0\VC\bin\CL.exe /c /ZI /nologo /W3 /WX- /Od /Oy- /D WIN32 /D _DEBUG /D _CONSOLE /D _LIB /D _UNICODE /D UNICODE /Gm /EHsc /RTC1 /MDd /GS /fp:precise /Zc:wchar_t /Zc:forScope /Fo"Debug\\" /Fd"Debug\vc120.pdb" /Gd /TC /analyze- /errorReport:prompt ..\..\gurru_loader\src\cmd.c
         cmd.c
       Link:
         C:\Program Files\Microsoft Visual Studio 12.0\VC\bin\link.exe /ERRORREPORT:PROMPT /OUT:"C:\Users\pumu\Repository\jennycorp\jennysec\jennylab\tools\gurru\vc\gurru\Debug\gurru.exe" /INCREMENTAL /NOLOGO kernel32.lib user32.lib gdi32.lib winspool.lib comdlg32.lib advapi32.lib shell32.lib ole32.lib oleaut32.lib uuid.lib odbc32.lib odbccp32.lib /MANIFEST /MANIFESTUAC:"level='asInvoker' uiAccess='false'" /manifest:embed /DEBUG /PDB:"C:\Users\pumu\Repository\jennycorp\jennysec\jennylab\tools\gurru\vc\gurru\Debug\gurru.pdb" /SUBSYSTEM:CONSOLE /TLBID:1 /DYNAMICBASE /NXCOMPAT /IMPLIB:"C:\Users\pumu\Repository\jennycorp\jennysec\jennylab\tools\gurru\vc\gurru\Debug\gurru.lib" /MACHINE:X86 Debug\cmd.obj
         Debug\http.obj
         Debug\inject.obj
         Debug\main.obj
         Debug\msgs.obj
         Debug\security.obj
         LINK : no se encontró C:\Users\pumu\Repository\jennycorp\jennysec\jennylab\tools\gurru\vc\gurru\Debug\gurru.exe o no lo generó el último vínculo incremental; ejecutando vínculo completo
     1>http.obj : error LNK2019: símbolo externo __imp__InternetOpenA@20 sin resolver al que se hace referencia en la función ___http_init
     1>http.obj : error LNK2019: símbolo externo __imp__InternetCloseHandle@4 sin resolver al que se hace referencia en la función ___http_end
     1>http.obj : error LNK2019: símbolo externo __imp__InternetConnectA@32 sin resolver al que se hace referencia en la función ___http_init
     1>C:\Users\pumu\Repository\jennycorp\jennysec\jennylab\tools\gurru\vc\gurru\Debug\gurru.exe : fatal error LNK1120: 3 externos sin resolver
     1>Compilación del proyecto terminada "C:\Users\pumu\Repository\jennycorp\jennysec\jennylab\tools\gurru\vc\gurru\gurru.vcxproj" (Build destinos) -- ERROR.

ERROR al compilar.

Tiempo transcurrido 00:00:04.97
